0 info it worked if it ends with ok
1 verbose cli [ 'C:\\Program Files\\nodejs\\node.exe',
1 verbose cli   'C:\\Program Files\\nodejs\\node_modules\\npm\\bin\\npm-cli.js',
1 verbose cli   'start' ]
2 info using npm@3.10.9
3 info using node@v7.1.0
4 verbose run-script [ 'prestart', 'start', 'poststart' ]
5 info lifecycle socket.io-kibi@0.0.0~prestart: socket.io-kibi@0.0.0
6 silly lifecycle socket.io-kibi@0.0.0~prestart: no script for prestart, continuing
7 info lifecycle socket.io-kibi@0.0.0~start: socket.io-kibi@0.0.0
8 verbose lifecycle socket.io-kibi@0.0.0~start: unsafe-perm in lifecycle true
9 verbose lifecycle socket.io-kibi@0.0.0~start: PATH: C:\Program Files\nodejs\node_modules\npm\bin\node-gyp-bin;C:\Users\lofut\WebstormProjects\untitled\node_modules\.bin;C:\ProgramData\Oracle\Java\javapath;C:\Windows\system32;C:\Windows;C:\Windows\System32\Wbem;C:\Windows\System32\WindowsPowerShell\v1.0\;C:\Program Files (x86)\NVIDIA Corporation\PhysX\Common;C:\Program Files (x86)\MySQL\MySQL Fabric 1.5.4 & MySQL Utilities 1.5.4 1.5\;C:\Program Files (x86)\MySQL\MySQL Fabric 1.5.4 & MySQL Utilities 1.5.4 1.5\Doctrine extensions for PHP\;C:\Program Files\Java\jdk1.8.0_60\bin;X:\Apps\maven\bin;C:\Program Files\TortoiseSVN\bin;C:\Program Files\MySQL\MySQL Server 5.6\bin;C:\Program Files\OpenVPN\bin;C:\WINDOWS\system32;C:\WINDOWS;C:\WINDOWS\System32\Wbem;C:\WINDOWS\System32\WindowsPowerShell\v1.0\;C:\Program Files (x86)\cURL\bin;C:\Program Files (x86)\QuickTime\QTSystem\;C:\Program Files\nodejs\;C:\Program Files (x86)\Notepad++;C:\Program Files\JPM4J\bin;C:\Program Files\JPM4J\bin;C:\JPM4J\bin;C:\JPM4J\bin;C:\JPM4J\bin;C:\JPM4J\bin;C:\WINDOWS\system32\config\systemprofile\.dnx\bin;C:\Program Files\Microsoft DNX\Dnvm\;C:\Program Files\Microsoft SQL Server\130\Tools\Binn\;C:\Program Files (x86)\Nmap;C:\Users\lofut\AppData\Local\Microsoft\WindowsApps;C:\Users\lofut\AppData\Roaming\npm;C:\Program Files\Git\cmd;"C:\Program Files (x86)\mingw-w64\i686-6.3.0-posix-dwarf-rt_v5-rev1\mingw32\bin"
10 verbose lifecycle socket.io-kibi@0.0.0~start: CWD: C:\Users\lofut\WebstormProjects\untitled
11 silly lifecycle socket.io-kibi@0.0.0~start: Args: [ '/d /s /c', 'node index.js' ]
12 silly lifecycle socket.io-kibi@0.0.0~start: Returned: code: 1  signal: null
13 info lifecycle socket.io-kibi@0.0.0~start: Failed to exec start script
14 verbose stack Error: socket.io-kibi@0.0.0 start: `node index.js`
14 verbose stack Exit status 1
14 verbose stack     at EventEmitter.<anonymous> (C:\Program Files\nodejs\node_modules\npm\lib\utils\lifecycle.js:255:16)
14 verbose stack     at emitTwo (events.js:106:13)
14 verbose stack     at EventEmitter.emit (events.js:191:7)
14 verbose stack     at ChildProcess.<anonymous> (C:\Program Files\nodejs\node_modules\npm\lib\utils\spawn.js:40:14)
14 verbose stack     at emitTwo (events.js:106:13)
14 verbose stack     at ChildProcess.emit (events.js:191:7)
14 verbose stack     at maybeClose (internal/child_process.js:885:16)
14 verbose stack     at Process.ChildProcess._handle.onexit (internal/child_process.js:226:5)
15 verbose pkgid socket.io-kibi@0.0.0
16 verbose cwd C:\Users\lofut\WebstormProjects\untitled
17 error Windows_NT 10.0.14393
18 error argv "C:\\Program Files\\nodejs\\node.exe" "C:\\Program Files\\nodejs\\node_modules\\npm\\bin\\npm-cli.js" "start"
19 error node v7.1.0
20 error npm  v3.10.9
21 error code ELIFECYCLE
22 error socket.io-kibi@0.0.0 start: `node index.js`
22 error Exit status 1
23 error Failed at the socket.io-kibi@0.0.0 start script 'node index.js'.
23 error Make sure you have the latest version of node.js and npm installed.
23 error If you do, this is most likely a problem with the socket.io-kibi package,
23 error not with npm itself.
23 error Tell the author that this fails on your system:
23 error     node index.js
23 error You can get information on how to open an issue for this project with:
23 error     npm bugs socket.io-kibi
23 error Or if that isn't available, you can get their info via:
23 error     npm owner ls socket.io-kibi
23 error There is likely additional logging output above.
24 verbose exit [ 1, true ]
